<?xml version="1.0" encoding="UTF-8"?>
<testng-results ignored="0" total="1" passed="1" failed="0" skipped="0">
  <reporter-output>
  </reporter-output>
  <suite started-at="2026-06-16T23:06:19 IST" name="Default suite" finished-at="2026-06-16T23:06:51 IST" duration-ms="31793">
    <groups>
    </groups>
    <test started-at="2026-06-16T23:06:19 IST" name="Default test" finished-at="2026-06-16T23:06:51 IST" duration-ms="31793">
      <class name="com.assignment2.EasyCalculation">
        <test-method is-config="true" signature="setUp()[pri:0, instance:com.assignment2.EasyCalculation@15de0b3c]" started-at="2026-06-16T23:06:19 IST" name="setUp" finished-at="2026-06-16T23:06:28 IST" duration-ms="8948" status="PASS">
          <reporter-output>
          </reporter-output>
        </test-method> <!-- setUp -->
        <test-method signature="test()[pri:0, instance:com.assignment2.EasyCalculation@15de0b3c]" started-at="2026-06-16T23:06:28 IST" name="test" finished-at="2026-06-16T23:06:50 IST" duration-ms="22252" status="PASS">
          <reporter-output>
          </reporter-output>
        </test-method> <!-- test -->
        <test-method is-config="true" signature="tearDown()[pri:0, instance:com.assignment2.EasyCalculation@15de0b3c]" started-at="2026-06-16T23:06:50 IST" name="tearDown" finished-at="2026-06-16T23:06:51 IST" duration-ms="555" status="PASS">
          <reporter-output>
          </reporter-output>
        </test-method> <!-- tearDown -->
      </class> <!-- com.assignment2.EasyCalculation -->
    </test> <!-- Default test -->
  </suite> <!-- Default suite -->
</testng-results>
