<?xml version="1.0" encoding="UTF-8"?>
<testng-results ignored="0" total="1" passed="1" failed="0" skipped="0">
  <reporter-output>
  </reporter-output>
  <suite started-at="2026-06-19T20:55:42 IST" name="Default suite" finished-at="2026-06-19T20:56:14 IST" duration-ms="31587">
    <groups>
    </groups>
    <test started-at="2026-06-19T20:55:42 IST" name="Default test" finished-at="2026-06-19T20:56:14 IST" duration-ms="31587">
      <class name="com.assignment7.Assignment_7">
        <test-method is-config="true" signature="setUp()[pri:0, instance:com.assignment7.Assignment_7@15de0b3c]" started-at="2026-06-19T20:55:42 IST" name="setUp" finished-at="2026-06-19T20:55:54 IST" duration-ms="11744" status="PASS">
          <reporter-output>
          </reporter-output>
        </test-method> <!-- setUp -->
        <test-method signature="test()[pri:0, instance:com.assignment7.Assignment_7@15de0b3c]" started-at="2026-06-19T20:55:54 IST" name="test" finished-at="2026-06-19T20:56:14 IST" duration-ms="19801" status="PASS">
          <reporter-output>
          </reporter-output>
        </test-method> <!-- test -->
      </class> <!-- com.assignment7.Assignment_7 -->
    </test> <!-- Default test -->
  </suite> <!-- Default suite -->
</testng-results>
