<?xml version="1.0" encoding="UTF-8"?>
<testng-results ignored="0" total="1" passed="1" failed="0" skipped="0">
  <reporter-output>
  </reporter-output>
  <suite started-at="2026-06-19T23:02:50 IST" name="Default suite" finished-at="2026-06-19T23:03:11 IST" duration-ms="21156">
    <groups>
    </groups>
    <test started-at="2026-06-19T23:02:50 IST" name="Default test" finished-at="2026-06-19T23:03:11 IST" duration-ms="21156">
      <class name="com.assignment10.Assignment10">
        <test-method is-config="true" signature="setup()[pri:0, instance:com.assignment10.Assignment10@206a70ef]" started-at="2026-06-19T23:02:50 IST" name="setup" finished-at="2026-06-19T23:03:11 IST" duration-ms="20438" status="PASS">
          <reporter-output>
          </reporter-output>
        </test-method> <!-- setup -->
        <test-method signature="validateAssertions()[pri:0, instance:com.assignment10.Assignment10@206a70ef]" started-at="2026-06-19T23:03:11 IST" name="validateAssertions" finished-at="2026-06-19T23:03:11 IST" duration-ms="30" status="PASS">
          <reporter-output>
          </reporter-output>
        </test-method> <!-- validateAssertions -->
        <test-method is-config="true" signature="tearDown()[pri:0, instance:com.assignment10.Assignment10@206a70ef]" started-at="2026-06-19T23:03:11 IST" name="tearDown" finished-at="2026-06-19T23:03:11 IST" duration-ms="622" status="PASS">
          <reporter-output>
          </reporter-output>
        </test-method> <!-- tearDown -->
      </class> <!-- com.assignment10.Assignment10 -->
    </test> <!-- Default test -->
  </suite> <!-- Default suite -->
</testng-results>
