<?xml version="1.0" encoding="UTF-8"?>
<testng-results ignored="0" total="1" passed="1" failed="0" skipped="0">
  <reporter-output>
  </reporter-output>
  <suite started-at="2026-06-20T10:27:39 IST" name="Default suite" finished-at="2026-06-20T10:27:55 IST" duration-ms="16908">
    <groups>
    </groups>
    <test started-at="2026-06-20T10:27:39 IST" name="Default test" finished-at="2026-06-20T10:27:55 IST" duration-ms="16908">
      <class name="com.loginPage.ExecuteLoginPage">
        <test-method signature="validateUserExecution()[pri:0, instance:com.loginPage.ExecuteLoginPage@2b71e916]" started-at="2026-06-20T10:27:39 IST" name="validateUserExecution" finished-at="2026-06-20T10:27:55 IST" duration-ms="16850" status="PASS">
          <reporter-output>
          </reporter-output>
        </test-method> <!-- validateUserExecution -->
      </class> <!-- com.loginPage.ExecuteLoginPage -->
    </test> <!-- Default test -->
  </suite> <!-- Default suite -->
</testng-results>
